<?xml version="1.0" encoding="UTF-8"?>
<!-- Generated by org.testng.reporters.JUnitReportReporter -->
<testsuite hostname="TRNROOM10-29" name="com.qa.amazon.tests.VerifyKindleTest" tests="2" failures="0" timestamp="23 Sep 2019 09:12:22 GMT" time="25.177" errors="0">
  <testcase name="shopByCategoryclickTest" time="6.270" classname="com.qa.amazon.tests.VerifyKindleTest"/>
  <testcase name="verifyKindleTest" time="18.907" classname="com.qa.amazon.tests.VerifyKindleTest"/>
</testsuite> <!-- com.qa.amazon.tests.VerifyKindleTest -->
